<?xml version="1.0" encoding="UTF-8"?>
<!-- Generated by org.testng.reporters.JUnitXMLReporter -->
<testsuite ignored="0" hostname="CBT-03-44" failures="0" tests="0" name="TestChrome" time="0.032" errors="0" timestamp="24 Dec 2022 06:22:40 GMT">
  <testcase classname="com.actitime.generics.BaseTest" name="@BeforeClass setup" time="0.0">
    <failure type="org.testng.TestNGException" message="
Parameter &amp;apos;browser&amp;apos; is required by BeforeClass on method setup but has not been marked @Optional or defined
in C:\ICSM8\MavenActiTIME\testng.xml">
      <![CDATA[org.testng.TestNGException: 
Parameter 'browser' is required by BeforeClass on method setup but has not been marked @Optional or defined
in C:\ICSM8\MavenActiTIME\testng.xml
... Removed 23 stack frames]]>
    </failure>
  </testcase> <!-- @BeforeClass setup -->
  <testcase classname="com.actitime.generics.BaseTest" name="@BeforeMethod enterURL" time="0.0">
    <skipped/>
  </testcase> <!-- @BeforeMethod enterURL -->
  <testcase classname="com.actitime.generics.BaseTest" name="@AfterClass teardown" time="0.0">
    <skipped/>
  </testcase> <!-- @AfterClass teardown -->
</testsuite> <!-- TestChrome -->
